[INFO] Scanning for projects...
[INFO] 
[INFO] ----------------------< com.bolsa:bolsa-trabajo >-----------------------
[INFO] Building bolsa_trabajo 1.0.0
[INFO]   from pom.xml
[INFO] --------------------------------[ jar ]---------------------------------
[INFO] 
[INFO] >>> spring-boot:3.2.12:run (default-cli) > test-compile @ bolsa-trabajo >>>
[INFO] 
[INFO] --- resources:3.3.1:resources (default-resources) @ bolsa-trabajo ---
[INFO] Copying 1 resource from src\main\resources to target\classes
[INFO] Copying 1 resource from src\main\resources to target\classes
[INFO] 
[INFO] --- compiler:3.13.0:compile (default-compile) @ bolsa-trabajo ---
[INFO] Nothing to compile - all classes are up to date.
[INFO] 
[INFO] --- resources:3.3.1:testResources (default-testResources) @ bolsa-trabajo ---
[INFO] skip non existing resourceDirectory C:\Users\Valeria Torres\Downloads\bolsa_trabajo\bolsa_trabajo\src\test\resources
[INFO] 
[INFO] --- compiler:3.13.0:testCompile (default-testCompile) @ bolsa-trabajo ---
[INFO] Nothing to compile - all classes are up to date.
[INFO] 
[INFO] <<< spring-boot:3.2.12:run (default-cli) < test-compile @ bolsa-trabajo <<<
[INFO] 
[INFO] 
[INFO] --- spring-boot:3.2.12:run (default-cli) @ bolsa-trabajo ---
[INFO] Attaching agents: []
Standard Commons Logging discovery in action with spring-jcl: please remove commons-logging.jar from classpath in order to avoid potential conflicts
Standard Commons Logging discovery in action with spring-jcl: please remove commons-logging.jar from classpath in order to avoid potential conflicts

  .   ____          _            __ _ _
 /\\ / ___'_ __ _ _(_)_ __  __ _ \ \ \ \
( ( )\___ | '_ | '_| | '_ \/ _` | \ \ \ \
 \\/  ___)| |_)| | | | | || (_| |  ) ) ) )
  '  |____| .__|_| |_|_| |_\__, | / / / /
 =========|_|==============|___/=/_/_/_/
 :: Spring Boot ::               (v3.2.12)

2025-11-23T03:17:37.976-05:00  INFO 29276 --- [  restartedMain] c.b.b.BolsaTrabajoApplication            : Starting BolsaTrabajoApplication using Java 17.0.12 with PID 29276 (C:\Users\Valeria Torres\Downloads\bolsa_trabajo\bolsa_trabajo\target\classes started by Valeria Torres in C:\Users\Valeria Torres\Downloads\bolsa_trabajo\bolsa_trabajo)
2025-11-23T03:17:37.983-05:00  INFO 29276 --- [  restartedMain] c.b.b.BolsaTrabajoApplication            : No active profile set, falling back to 1 default profile: "default"
2025-11-23T03:17:38.096-05:00  INFO 29276 --- [  restartedMain] .e.DevToolsPropertyDefaultsPostProcessor : Devtools property defaults active! Set 'spring.devtools.add-properties' to 'false' to disable
2025-11-23T03:17:38.105-05:00  INFO 29276 --- [  restartedMain] .e.DevToolsPropertyDefaultsPostProcessor : For additional web related logging consider setting the 'logging.level.web' property to 'DEBUG'
2025-11-23T03:17:40.276-05:00  INFO 29276 --- [  restartedMain] .s.d.r.c.RepositoryConfigurationDelegate : Bootstrapping Spring Data MongoDB repositories in DEFAULT mode.
2025-11-23T03:17:40.474-05:00  INFO 29276 --- [  restartedMain] .s.d.r.c.RepositoryConfigurationDelegate : Finished Spring Data repository scanning in 187 ms. Found 7 MongoDB repository interfaces.
2025-11-23T03:17:42.039-05:00  INFO 29276 --- [  restartedMain] o.s.b.w.embedded.tomcat.TomcatWebServer  : Tomcat initialized with port 8080 (http)
2025-11-23T03:17:42.086-05:00  INFO 29276 --- [  restartedMain] o.apache.catalina.core.StandardService   : Starting service [Tomcat]
2025-11-23T03:17:42.088-05:00  INFO 29276 --- [  restartedMain] o.apache.catalina.core.StandardEngine    : Starting Servlet engine: [Apache Tomcat/10.1.33]
2025-11-23T03:17:42.260-05:00  INFO 29276 --- [  restartedMain] o.a.c.c.C.[Tomcat].[localhost].[/]       : Initializing Spring embedded WebApplicationContext
2025-11-23T03:17:42.263-05:00  INFO 29276 --- [  restartedMain] w.s.c.ServletWebServerApplicationContext : Root WebApplicationContext: initialization completed in 4155 ms
Standard Commons Logging discovery in action with spring-jcl: please remove commons-logging.jar from classpath in order to avoid potential conflicts
2025-11-23T03:17:42.960-05:00  INFO 29276 --- [  restartedMain] org.mongodb.driver.client                : MongoClient with metadata {"application": {"name": "Cluster0"}, "driver": {"name": "mongo-java-driver|sync", "version": "4.11.5"}, "os": {"type": "Windows", "name": "Windows 11", "architecture": "amd64", "version": "10.0"}, "platform": "Java/Oracle Corporation/17.0.12+8-LTS-286"} created with settings MongoClientSettings{readPreference=primary, writeConcern=WriteConcern{w=majority, wTimeout=null ms, journal=null}, retryWrites=true, retryReads=true, readConcern=ReadConcern{level=null}, credential=MongoCredential{mechanism=null, userName='trabajobolsa', source='admin', password=<hidden>, mechanismProperties=<hidden>}, transportSettings=null, streamFactoryFactory=null, commandListeners=[], codecRegistry=ProvidersCodecRegistry{codecProviders=[ValueCodecProvider{}, BsonValueCodecProvider{}, DBRefCodecProvider{}, DBObjectCodecProvider{}, DocumentCodecProvider{}, CollectionCodecProvider{}, IterableCodecProvider{}, MapCodecProvider{}, GeoJsonCodecProvider{}, GridFSFileCodecProvider{}, Jsr310CodecProvider{}, JsonObjectCodecProvider{}, BsonCodecProvider{}, EnumCodecProvider{}, com.mongodb.client.model.mql.ExpressionCodecProvider@50cc1a8c, com.mongodb.Jep395RecordCodecProvider@752e08ec, com.mongodb.KotlinCodecProvider@2cf04492]}, loggerSettings=LoggerSettings{maxDocumentLength=1000}, clusterSettings={hosts=[127.0.0.1:27017], srvHost=cluster0.nuvl75c.mongodb.net, srvServiceName=mongodb, mode=MULTIPLE, requiredClusterType=REPLICA_SET, requiredReplicaSetName='atlas-fbmg1v-shard-0', serverSelector='null', clusterListeners='[]', serverSelectionTimeout='60000 ms', localThreshold='15 ms'}, socketSettings=SocketSettings{connectTimeoutMS=60000, readTimeoutMS=60000, receiveBufferSize=0, proxySettings=ProxySettings{host=null, port=null, username=null, password=null}}, heartbeatSocketSettings=SocketSettings{connectTimeoutMS=60000, readTimeoutMS=60000, receiveBufferSize=0, proxySettings=ProxySettings{host=null, port=null, username=null, password=null}}, connectionPoolSettings=ConnectionPoolSettings{maxSize=10, minSize=2, maxWaitTimeMS=120000, maxConnectionLifeTimeMS=0, maxConnectionIdleTimeMS=0, maintenanceInitialDelayMS=0, maintenanceFrequencyMS=60000, connectionPoolListeners=[], maxConnecting=2}, serverSettings=ServerSettings{heartbeatFrequencyMS=10000, minHeartbeatFrequencyMS=500, serverListeners='[]', serverMonitorListeners='[]'}, sslSettings=SslSettings{enabled=true, invalidHostNameAllowed=false, context=null}, applicationName='Cluster0', compressorList=[], uuidRepresentation=UNSPECIFIED, serverApi=null, autoEncryptionSettings=null, dnsClient=null, inetAddressResolver=null, contextProvider=null}
2025-11-23T03:17:43.174-05:00  INFO 29276 --- [75c.mongodb.net] org.mongodb.driver.cluster               : Adding discovered server ac-lzq2vs9-shard-00-02.nuvl75c.mongodb.net:27017 to client view of cluster
2025-11-23T03:17:43.242-05:00  INFO 29276 --- [75c.mongodb.net] org.mongodb.driver.cluster               : Adding discovered server ac-lzq2vs9-shard-00-01.nuvl75c.mongodb.net:27017 to client view of cluster
2025-11-23T03:17:43.246-05:00  INFO 29276 --- [75c.mongodb.net] org.mongodb.driver.cluster               : Adding discovered server ac-lzq2vs9-shard-00-00.nuvl75c.mongodb.net:27017 to client view of cluster
2025-11-23T03:17:43.517-05:00  INFO 29276 --- [  restartedMain] o.s.b.d.a.OptionalLiveReloadServer       : LiveReload server is running on port 35729
2025-11-23T03:17:44.131-05:00  WARN 29276 --- [  restartedMain] .s.s.UserDetailsServiceAutoConfiguration : 

Using generated security password: 4092d0dc-79ff-463c-9cbf-4048cfa95a4c

This generated password is for development use only. Your security configuration must be updated before running your application in production.

2025-11-23T03:17:44.771-05:00  INFO 29276 --- [ngodb.net:27017] org.mongodb.driver.cluster               : Monitor thread successfully connected to server with description ServerDescription{address=ac-lzq2vs9-shard-00-00.nuvl75c.mongodb.net:27017, type=REPLICA_SET_SECONDARY, state=CONNECTED, ok=true, minWireVersion=0, maxWireVersion=25, maxDocumentSize=16777216, logicalSessionTimeoutMinutes=30, roundTripTimeNanos=512661500, setName='atlas-fbmg1v-shard-0', canonicalAddress=ac-lzq2vs9-shard-00-00.nuvl75c.mongodb.net:27017, hosts=[ac-lzq2vs9-shard-00-00.nuvl75c.mongodb.net:27017, ac-lzq2vs9-shard-00-01.nuvl75c.mongodb.net:27017, ac-lzq2vs9-shard-00-02.nuvl75c.mongodb.net:27017], passives=[], arbiters=[], primary='ac-lzq2vs9-shard-00-02.nuvl75c.mongodb.net:27017', tagSet=TagSet{[Tag{name='availabilityZone', value='use1-az2'}, Tag{name='diskState', value='READY'}, Tag{name='nodeType', value='ELECTABLE'}, Tag{name='provider', value='AWS'}, Tag{name='region', value='US_EAST_1'}, Tag{name='workloadType', value='OPERATIONAL'}]}, electionId=null, setVersion=355, topologyVersion=TopologyVersion{processId=691cb83a4fc85afeabc49839, counter=12}, lastWriteDate=Sun Nov 23 03:17:44 COT 2025, lastUpdateTimeNanos=39976893294900}
2025-11-23T03:17:44.771-05:00  INFO 29276 --- [ngodb.net:27017] org.mongodb.driver.cluster               : Monitor thread successfully connected to server with description ServerDescription{address=ac-lzq2vs9-shard-00-01.nuvl75c.mongodb.net:27017, type=REPLICA_SET_SECONDARY, state=CONNECTED, ok=true, minWireVersion=0, maxWireVersion=25, maxDocumentSize=16777216, logicalSessionTimeoutMinutes=30, roundTripTimeNanos=519914500, setName='atlas-fbmg1v-shard-0', canonicalAddress=ac-lzq2vs9-shard-00-01.nuvl75c.mongodb.net:27017, hosts=[ac-lzq2vs9-shard-00-00.nuvl75c.mongodb.net:27017, ac-lzq2vs9-shard-00-01.nuvl75c.mongodb.net:27017, ac-lzq2vs9-shard-00-02.nuvl75c.mongodb.net:27017], passives=[], arbiters=[], primary='ac-lzq2vs9-shard-00-02.nuvl75c.mongodb.net:27017', tagSet=TagSet{[Tag{name='availabilityZone', value='use1-az4'}, Tag{name='diskState', value='READY'}, Tag{name='nodeType', value='ELECTABLE'}, Tag{name='provider', value='AWS'}, Tag{name='region', value='US_EAST_1'}, Tag{name='workloadType', value='OPERATIONAL'}]}, electionId=null, setVersion=355, topologyVersion=TopologyVersion{processId=6921ef8886316119f475e775, counter=3}, lastWriteDate=Sun Nov 23 03:17:44 COT 2025, lastUpdateTimeNanos=39976893294900}
2025-11-23T03:17:44.773-05:00  INFO 29276 --- [ngodb.net:27017] org.mongodb.driver.cluster               : Monitor thread successfully connected to server with description ServerDescription{address=ac-lzq2vs9-shard-00-02.nuvl75c.mongodb.net:27017, type=REPLICA_SET_PRIMARY, state=CONNECTED, ok=true, minWireVersion=0, maxWireVersion=25, maxDocumentSize=16777216, logicalSessionTimeoutMinutes=30, roundTripTimeNanos=519325200, setName='atlas-fbmg1v-shard-0', canonicalAddress=ac-lzq2vs9-shard-00-02.nuvl75c.mongodb.net:27017, hosts=[ac-lzq2vs9-shard-00-00.nuvl75c.mongodb.net:27017, ac-lzq2vs9-shard-00-01.nuvl75c.mongodb.net:27017, ac-lzq2vs9-shard-00-02.nuvl75c.mongodb.net:27017], passives=[], arbiters=[], primary='ac-lzq2vs9-shard-00-02.nuvl75c.mongodb.net:27017', tagSet=TagSet{[Tag{name='availabilityZone', value='use1-az6'}, Tag{name='diskState', value='READY'}, Tag{name='nodeType', value='ELECTABLE'}, Tag{name='provider', value='AWS'}, Tag{name='region', value='US_EAST_1'}, Tag{name='workloadType', value='OPERATIONAL'}]}, electionId=7fffffff0000000000000644, setVersion=355, topologyVersion=TopologyVersion{processId=691cbb3bd3369b78039602cb, counter=13}, lastWriteDate=Sun Nov 23 03:17:44 COT 2025, lastUpdateTimeNanos=39976893294900}
2025-11-23T03:17:44.783-05:00  INFO 29276 --- [ngodb.net:27017] org.mongodb.driver.cluster               : Discovered replica set primary ac-lzq2vs9-shard-00-02.nuvl75c.mongodb.net:27017 with max election id 7fffffff0000000000000644 and max set version 355
2025-11-23T03:17:44.788-05:00  INFO 29276 --- [  restartedMain] o.s.s.web.DefaultSecurityFilterChain     : Will secure any request with [org.springframework.security.web.session.DisableEncodeUrlFilter@21f6b9f7, org.springframework.security.web.context.request.async.WebAsyncManagerIntegrationFilter@f999c86, org.springframework.security.web.context.SecurityContextHolderFilter@10adb6d6, org.springframework.security.web.header.HeaderWriterFilter@14f8cd0a, org.springframework.web.filter.CorsFilter@f6db440, org.springframework.security.web.authentication.logout.LogoutFilter@7ab52a54, com.bolsa.bolsa_trabajo.security.JwtAuthenticationFilter@1b059f76, org.springframework.security.web.savedrequest.RequestCacheAwareFilter@6dd52cfa, org.springframework.security.web.servletapi.SecurityContextHolderAwareRequestFilter@6dd9c95e, org.springframework.security.web.authentication.AnonymousAuthenticationFilter@4fc03871, org.springframework.security.web.session.SessionManagementFilter@153710b, org.springframework.security.web.access.ExceptionTranslationFilter@732e420a, org.springframework.security.web.access.intercept.AuthorizationFilter@2e80182f]
2025-11-23T03:17:47.305-05:00  INFO 29276 --- [  restartedMain] o.s.b.w.embedded.tomcat.TomcatWebServer  : Tomcat started on port 8080 (http) with context path ''
2025-11-23T03:17:47.321-05:00  INFO 29276 --- [  restartedMain] c.b.b.BolsaTrabajoApplication            : Started BolsaTrabajoApplication in 10.237 seconds (process running for 11.291)
2025-11-23T03:22:20.943-05:00  INFO 29276 --- [nio-8080-exec-1] o.a.c.c.C.[Tomcat].[localhost].[/]       : Initializing Spring DispatcherServlet 'dispatcherServlet'
2025-11-23T03:22:20.958-05:00  INFO 29276 --- [nio-8080-exec-1] o.s.web.servlet.DispatcherServlet        : Initializing Servlet 'dispatcherServlet'
2025-11-23T03:22:21.023-05:00  INFO 29276 --- [nio-8080-exec-1] o.s.web.servlet.DispatcherServlet        : Completed initialization in 63 ms
2025-11-23T03:22:21.150-05:00 DEBUG 29276 --- [nio-8080-exec-1] o.s.security.web.FilterChainProxy        : Securing GET /api/ofertas/public?page=0&size=6
2025-11-23T03:22:21.199-05:00 DEBUG 29276 --- [nio-8080-exec-1] o.s.s.w.a.AnonymousAuthenticationFilter  : Set SecurityContextHolder to anonymous SecurityContext
2025-11-23T03:22:21.200-05:00 DEBUG 29276 --- [nio-8080-exec-1] o.s.s.w.session.SessionManagementFilter  : Request requested invalid session id B9CC60CA89807F1D428B2557EB8A7423
2025-11-23T03:22:21.211-05:00 DEBUG 29276 --- [nio-8080-exec-1] o.s.security.web.FilterChainProxy        : Secured GET /api/ofertas/public?page=0&size=6
2025-11-23T03:22:21.395-05:00 DEBUG 29276 --- [nio-8080-exec-1] o.s.d.m.r.query.MongoQueryCreator        : Created query Query: { "activa" : true, "borrador" : false}, Fields: {}, Sort: {}
2025-11-23T03:22:21.432-05:00 DEBUG 29276 --- [nio-8080-exec-1] o.s.data.mongodb.core.MongoTemplate      : find using query: { "activa" : true, "borrador" : false} fields: Document{{}} sort: { "activa" : true, "borrador" : false} for class: class com.bolsa.bolsa_trabajo.model.OfertaDeTrabajo in collection: ofertas_trabajo
2025-11-23T03:22:22.533-05:00 DEBUG 29276 --- [nio-8080-exec-2] o.s.security.web.FilterChainProxy        : Securing GET /api/ofertas/public?page=0&size=6
2025-11-23T03:22:22.535-05:00 DEBUG 29276 --- [nio-8080-exec-2] o.s.s.w.a.AnonymousAuthenticationFilter  : Set SecurityContextHolder to anonymous SecurityContext
2025-11-23T03:22:22.535-05:00 DEBUG 29276 --- [nio-8080-exec-2] o.s.s.w.session.SessionManagementFilter  : Request requested invalid session id B9CC60CA89807F1D428B2557EB8A7423
2025-11-23T03:22:22.536-05:00 DEBUG 29276 --- [nio-8080-exec-2] o.s.security.web.FilterChainProxy        : Secured GET /api/ofertas/public?page=0&size=6
2025-11-23T03:22:22.538-05:00 DEBUG 29276 --- [nio-8080-exec-2] o.s.d.m.r.query.MongoQueryCreator        : Created query Query: { "activa" : true, "borrador" : false}, Fields: {}, Sort: {}
2025-11-23T03:22:22.539-05:00 DEBUG 29276 --- [nio-8080-exec-2] o.s.data.mongodb.core.MongoTemplate      : find using query: { "activa" : true, "borrador" : false} fields: Document{{}} sort: { "activa" : true, "borrador" : false} for class: class com.bolsa.bolsa_trabajo.model.OfertaDeTrabajo in collection: ofertas_trabajo
2025-11-23T03:23:08.222-05:00 DEBUG 29276 --- [nio-8080-exec-3] o.s.security.web.FilterChainProxy        : Securing POST /api/auth/login
2025-11-23T03:23:08.243-05:00 DEBUG 29276 --- [nio-8080-exec-3] o.s.s.w.a.AnonymousAuthenticationFilter  : Set SecurityContextHolder to anonymous SecurityContext
2025-11-23T03:23:08.244-05:00 DEBUG 29276 --- [nio-8080-exec-3] o.s.s.w.session.SessionManagementFilter  : Request requested invalid session id B9CC60CA89807F1D428B2557EB8A7423
2025-11-23T03:23:08.244-05:00 DEBUG 29276 --- [nio-8080-exec-3] o.s.security.web.FilterChainProxy        : Secured POST /api/auth/login
2025-11-23T03:23:08.474-05:00 DEBUG 29276 --- [nio-8080-exec-3] o.s.d.m.r.query.MongoQueryCreator        : Created query Query: { "email" : "postulante123@gmailcom"}, Fields: {}, Sort: {}
2025-11-23T03:23:08.478-05:00 DEBUG 29276 --- [nio-8080-exec-3] o.s.data.mongodb.core.MongoTemplate      : find using query: { "email" : "postulante123@gmailcom"} fields: Document{{}} sort: { "email" : "postulante123@gmailcom"} for class: class com.bolsa.bolsa_trabajo.model.Postulante in collection: postulantes
2025-11-23T03:23:09.093-05:00 DEBUG 29276 --- [nio-8080-exec-5] o.s.security.web.FilterChainProxy        : Securing GET /api/notificaciones/contador
2025-11-23T03:23:09.093-05:00 DEBUG 29276 --- [nio-8080-exec-4] o.s.security.web.FilterChainProxy        : Securing GET /api/postulaciones/mis-postulaciones
2025-11-23T03:23:09.093-05:00 DEBUG 29276 --- [nio-8080-exec-6] o.s.security.web.FilterChainProxy        : Securing GET /api/usuarios/perfil
2025-11-23T03:23:09.149-05:00 DEBUG 29276 --- [nio-8080-exec-4] o.s.security.web.FilterChainProxy        : Secured GET /api/postulaciones/mis-postulaciones
2025-11-23T03:23:09.149-05:00 DEBUG 29276 --- [nio-8080-exec-5] o.s.security.web.FilterChainProxy        : Secured GET /api/notificaciones/contador
2025-11-23T03:23:09.149-05:00 DEBUG 29276 --- [nio-8080-exec-6] o.s.security.web.FilterChainProxy        : Secured GET /api/usuarios/perfil
2025-11-23T03:23:09.154-05:00 DEBUG 29276 --- [nio-8080-exec-5] o.s.d.m.r.query.MongoQueryCreator        : Created query Query: { "usuario.id" : "6922638ca32471207e9ec6a6", "leida" : false}, Fields: {}, Sort: {}
2025-11-23T03:23:09.155-05:00 DEBUG 29276 --- [nio-8080-exec-4] o.s.d.m.r.query.MongoQueryCreator        : Created query Query: { "postulante.id" : "6922638ca32471207e9ec6a6"}, Fields: {}, Sort: {}
2025-11-23T03:23:09.161-05:00 DEBUG 29276 --- [nio-8080-exec-5] o.s.data.mongodb.core.MongoTemplate      : Executing count: { "usuario" : { "$oid" : "6922638ca32471207e9ec6a6"}, "leida" : false} in collection: notificaciones
2025-11-23T03:23:09.161-05:00 DEBUG 29276 --- [nio-8080-exec-4] o.s.data.mongodb.core.MongoTemplate      : find using query: { "postulante" : { "$oid" : "6922638ca32471207e9ec6a6"}} fields: Document{{}} sort: { "postulante" : "6922638ca32471207e9ec6a6"} for class: class com.bolsa.bolsa_trabajo.model.Postulacion in collection: postulaciones
2025-11-23T03:23:09.166-05:00 DEBUG 29276 --- [nio-8080-exec-6] o.s.data.mongodb.core.MongoTemplate      : findOne using query: { "id" : "6922638ca32471207e9ec6a6"} fields: Document{{}} for class: class com.bolsa.bolsa_trabajo.model.Usuario in collection: usuarios
2025-11-23T03:23:09.272-05:00 DEBUG 29276 --- [nio-8080-exec-6] o.s.data.mongodb.core.MongoTemplate      : findOne using query: { "id" : "6922638ca32471207e9ec6a6"} fields: Document{{}} for class: class com.bolsa.bolsa_trabajo.model.Postulante in collection: postulantes
2025-11-23T03:23:09.413-05:00 DEBUG 29276 --- [nio-8080-exec-7] o.s.security.web.FilterChainProxy        : Securing GET /api/usuarios/perfil
2025-11-23T03:23:09.418-05:00 DEBUG 29276 --- [nio-8080-exec-7] o.s.security.web.FilterChainProxy        : Secured GET /api/usuarios/perfil
2025-11-23T03:23:09.420-05:00 DEBUG 29276 --- [nio-8080-exec-7] o.s.data.mongodb.core.MongoTemplate      : findOne using query: { "id" : "6922638ca32471207e9ec6a6"} fields: Document{{}} for class: class com.bolsa.bolsa_trabajo.model.Usuario in collection: usuarios
2025-11-23T03:23:09.517-05:00 DEBUG 29276 --- [nio-8080-exec-7] o.s.data.mongodb.core.MongoTemplate      : findOne using query: { "id" : "6922638ca32471207e9ec6a6"} fields: Document{{}} for class: class com.bolsa.bolsa_trabajo.model.Postulante in collection: postulantes
2025-11-23T03:23:09.597-05:00 DEBUG 29276 --- [nio-8080-exec-8] o.s.security.web.FilterChainProxy        : Securing GET /api/postulaciones/mis-postulaciones
2025-11-23T03:23:09.601-05:00 DEBUG 29276 --- [nio-8080-exec-8] o.s.security.web.FilterChainProxy        : Secured GET /api/postulaciones/mis-postulaciones
2025-11-23T03:23:09.603-05:00 DEBUG 29276 --- [nio-8080-exec-8] o.s.d.m.r.query.MongoQueryCreator        : Created query Query: { "postulante.id" : "6922638ca32471207e9ec6a6"}, Fields: {}, Sort: {}
2025-11-23T03:23:09.604-05:00 DEBUG 29276 --- [nio-8080-exec-8] o.s.data.mongodb.core.MongoTemplate      : find using query: { "postulante" : { "$oid" : "6922638ca32471207e9ec6a6"}} fields: Document{{}} sort: { "postulante" : "6922638ca32471207e9ec6a6"} for class: class com.bolsa.bolsa_trabajo.model.Postulacion in collection: postulaciones
2025-11-23T03:23:10.512-05:00 DEBUG 29276 --- [nio-8080-exec-9] o.s.security.web.FilterChainProxy        : Securing GET /api/notificaciones/contador
2025-11-23T03:23:10.515-05:00 DEBUG 29276 --- [nio-8080-exec-9] o.s.security.web.FilterChainProxy        : Secured GET /api/notificaciones/contador
2025-11-23T03:23:10.517-05:00 DEBUG 29276 --- [nio-8080-exec-9] o.s.d.m.r.query.MongoQueryCreator        : Created query Query: { "usuario.id" : "6922638ca32471207e9ec6a6", "leida" : false}, Fields: {}, Sort: {}
2025-11-23T03:23:10.518-05:00 DEBUG 29276 --- [nio-8080-exec-9] o.s.data.mongodb.core.MongoTemplate      : Executing count: { "usuario" : { "$oid" : "6922638ca32471207e9ec6a6"}, "leida" : false} in collection: notificaciones
2025-11-23T03:23:10.649-05:00 DEBUG 29276 --- [io-8080-exec-10] o.s.security.web.FilterChainProxy        : Securing GET /api/notificaciones/contador
2025-11-23T03:23:10.654-05:00 DEBUG 29276 --- [io-8080-exec-10] o.s.security.web.FilterChainProxy        : Secured GET /api/notificaciones/contador
2025-11-23T03:23:10.656-05:00 DEBUG 29276 --- [io-8080-exec-10] o.s.d.m.r.query.MongoQueryCreator        : Created query Query: { "usuario.id" : "6922638ca32471207e9ec6a6", "leida" : false}, Fields: {}, Sort: {}
2025-11-23T03:23:10.657-05:00 DEBUG 29276 --- [io-8080-exec-10] o.s.data.mongodb.core.MongoTemplate      : Executing count: { "usuario" : { "$oid" : "6922638ca32471207e9ec6a6"}, "leida" : false} in collection: notificaciones
2025-11-23T03:23:10.794-05:00 DEBUG 29276 --- [nio-8080-exec-1] o.s.security.web.FilterChainProxy        : Securing GET /api/notificaciones/contador
2025-11-23T03:23:10.797-05:00 DEBUG 29276 --- [nio-8080-exec-1] o.s.security.web.FilterChainProxy        : Secured GET /api/notificaciones/contador
2025-11-23T03:23:10.799-05:00 DEBUG 29276 --- [nio-8080-exec-1] o.s.d.m.r.query.MongoQueryCreator        : Created query Query: { "usuario.id" : "6922638ca32471207e9ec6a6", "leida" : false}, Fields: {}, Sort: {}
2025-11-23T03:23:10.799-05:00 DEBUG 29276 --- [nio-8080-exec-1] o.s.data.mongodb.core.MongoTemplate      : Executing count: { "usuario" : { "$oid" : "6922638ca32471207e9ec6a6"}, "leida" : false} in collection: notificaciones
2025-11-23T03:23:18.708-05:00 DEBUG 29276 --- [nio-8080-exec-2] o.s.security.web.FilterChainProxy        : Securing GET /api/ofertas/public?page=0&size=12
2025-11-23T03:23:18.711-05:00 DEBUG 29276 --- [nio-8080-exec-2] o.s.security.web.FilterChainProxy        : Secured GET /api/ofertas/public?page=0&size=12
2025-11-23T03:23:18.714-05:00 DEBUG 29276 --- [nio-8080-exec-2] o.s.d.m.r.query.MongoQueryCreator        : Created query Query: { "activa" : true, "borrador" : false}, Fields: {}, Sort: {}
2025-11-23T03:23:18.716-05:00 DEBUG 29276 --- [nio-8080-exec-2] o.s.data.mongodb.core.MongoTemplate      : find using query: { "activa" : true, "borrador" : false} fields: Document{{}} sort: { "activa" : true, "borrador" : false} for class: class com.bolsa.bolsa_trabajo.model.OfertaDeTrabajo in collection: ofertas_trabajo
2025-11-23T03:23:19.258-05:00 DEBUG 29276 --- [nio-8080-exec-3] o.s.security.web.FilterChainProxy        : Securing GET /api/ofertas/public?page=0&size=12
2025-11-23T03:23:19.262-05:00 DEBUG 29276 --- [nio-8080-exec-3] o.s.security.web.FilterChainProxy        : Secured GET /api/ofertas/public?page=0&size=12
2025-11-23T03:23:19.264-05:00 DEBUG 29276 --- [nio-8080-exec-3] o.s.d.m.r.query.MongoQueryCreator        : Created query Query: { "activa" : true, "borrador" : false}, Fields: {}, Sort: {}
2025-11-23T03:23:19.293-05:00 DEBUG 29276 --- [nio-8080-exec-3] o.s.data.mongodb.core.MongoTemplate      : find using query: { "activa" : true, "borrador" : false} fields: Document{{}} sort: { "activa" : true, "borrador" : false} for class: class com.bolsa.bolsa_trabajo.model.OfertaDeTrabajo in collection: ofertas_trabajo
2025-11-23T03:23:20.027-05:00 DEBUG 29276 --- [nio-8080-exec-6] o.s.security.web.FilterChainProxy        : Securing GET /api/postulaciones/mis-postulaciones
2025-11-23T03:23:20.032-05:00 DEBUG 29276 --- [nio-8080-exec-6] o.s.security.web.FilterChainProxy        : Secured GET /api/postulaciones/mis-postulaciones
2025-11-23T03:23:20.034-05:00 DEBUG 29276 --- [nio-8080-exec-6] o.s.d.m.r.query.MongoQueryCreator        : Created query Query: { "postulante.id" : "6922638ca32471207e9ec6a6"}, Fields: {}, Sort: {}
2025-11-23T03:23:20.036-05:00 DEBUG 29276 --- [nio-8080-exec-6] o.s.data.mongodb.core.MongoTemplate      : find using query: { "postulante" : { "$oid" : "6922638ca32471207e9ec6a6"}} fields: Document{{}} sort: { "postulante" : "6922638ca32471207e9ec6a6"} for class: class com.bolsa.bolsa_trabajo.model.Postulacion in collection: postulaciones
2025-11-23T03:23:20.428-05:00 DEBUG 29276 --- [nio-8080-exec-4] o.s.security.web.FilterChainProxy        : Securing GET /api/postulaciones/mis-postulaciones
2025-11-23T03:23:20.430-05:00 DEBUG 29276 --- [nio-8080-exec-4] o.s.security.web.FilterChainProxy        : Secured GET /api/postulaciones/mis-postulaciones
2025-11-23T03:23:20.432-05:00 DEBUG 29276 --- [nio-8080-exec-4] o.s.d.m.r.query.MongoQueryCreator        : Created query Query: { "postulante.id" : "6922638ca32471207e9ec6a6"}, Fields: {}, Sort: {}
2025-11-23T03:23:20.433-05:00 DEBUG 29276 --- [nio-8080-exec-4] o.s.data.mongodb.core.MongoTemplate      : find using query: { "postulante" : { "$oid" : "6922638ca32471207e9ec6a6"}} fields: Document{{}} sort: { "postulante" : "6922638ca32471207e9ec6a6"} for class: class com.bolsa.bolsa_trabajo.model.Postulacion in collection: postulaciones
2025-11-23T03:23:21.596-05:00 DEBUG 29276 --- [nio-8080-exec-7] o.s.security.web.FilterChainProxy        : Securing GET /api/ofertas/public?page=0&size=12
2025-11-23T03:23:21.599-05:00 DEBUG 29276 --- [nio-8080-exec-7] o.s.security.web.FilterChainProxy        : Secured GET /api/ofertas/public?page=0&size=12
2025-11-23T03:23:21.601-05:00 DEBUG 29276 --- [nio-8080-exec-7] o.s.d.m.r.query.MongoQueryCreator        : Created query Query: { "activa" : true, "borrador" : false}, Fields: {}, Sort: {}
2025-11-23T03:23:21.602-05:00 DEBUG 29276 --- [nio-8080-exec-7] o.s.data.mongodb.core.MongoTemplate      : find using query: { "activa" : true, "borrador" : false} fields: Document{{}} sort: { "activa" : true, "borrador" : false} for class: class com.bolsa.bolsa_trabajo.model.OfertaDeTrabajo in collection: ofertas_trabajo
2025-11-23T03:23:22.123-05:00 DEBUG 29276 --- [nio-8080-exec-8] o.s.security.web.FilterChainProxy        : Securing GET /api/ofertas/public?page=0&size=12
2025-11-23T03:23:22.125-05:00 DEBUG 29276 --- [nio-8080-exec-8] o.s.security.web.FilterChainProxy        : Secured GET /api/ofertas/public?page=0&size=12
2025-11-23T03:23:22.127-05:00 DEBUG 29276 --- [nio-8080-exec-8] o.s.d.m.r.query.MongoQueryCreator        : Created query Query: { "activa" : true, "borrador" : false}, Fields: {}, Sort: {}
2025-11-23T03:23:22.128-05:00 DEBUG 29276 --- [nio-8080-exec-8] o.s.data.mongodb.core.MongoTemplate      : find using query: { "activa" : true, "borrador" : false} fields: Document{{}} sort: { "activa" : true, "borrador" : false} for class: class com.bolsa.bolsa_trabajo.model.OfertaDeTrabajo in collection: ofertas_trabajo
2025-11-23T03:23:35.039-05:00 DEBUG 29276 --- [nio-8080-exec-5] o.s.security.web.FilterChainProxy        : Securing GET /api/ofertas/public?page=0&size=6
2025-11-23T03:23:35.052-05:00 DEBUG 29276 --- [nio-8080-exec-5] o.s.security.web.FilterChainProxy        : Secured GET /api/ofertas/public?page=0&size=6
2025-11-23T03:23:35.055-05:00 DEBUG 29276 --- [nio-8080-exec-5] o.s.d.m.r.query.MongoQueryCreator        : Created query Query: { "activa" : true, "borrador" : false}, Fields: {}, Sort: {}
2025-11-23T03:23:35.057-05:00 DEBUG 29276 --- [nio-8080-exec-5] o.s.data.mongodb.core.MongoTemplate      : find using query: { "activa" : true, "borrador" : false} fields: Document{{}} sort: { "activa" : true, "borrador" : false} for class: class com.bolsa.bolsa_trabajo.model.OfertaDeTrabajo in collection: ofertas_trabajo
2025-11-23T03:23:35.599-05:00 DEBUG 29276 --- [nio-8080-exec-9] o.s.security.web.FilterChainProxy        : Securing GET /api/ofertas/public?page=0&size=6
2025-11-23T03:23:35.602-05:00 DEBUG 29276 --- [nio-8080-exec-9] o.s.security.web.FilterChainProxy        : Secured GET /api/ofertas/public?page=0&size=6
2025-11-23T03:23:35.604-05:00 DEBUG 29276 --- [nio-8080-exec-9] o.s.d.m.r.query.MongoQueryCreator        : Created query Query: { "activa" : true, "borrador" : false}, Fields: {}, Sort: {}
2025-11-23T03:23:35.605-05:00 DEBUG 29276 --- [nio-8080-exec-9] o.s.data.mongodb.core.MongoTemplate      : find using query: { "activa" : true, "borrador" : false} fields: Document{{}} sort: { "activa" : true, "borrador" : false} for class: class com.bolsa.bolsa_trabajo.model.OfertaDeTrabajo in collection: ofertas_trabajo
2025-11-23T03:23:39.895-05:00 DEBUG 29276 --- [io-8080-exec-10] o.s.security.web.FilterChainProxy        : Securing GET /api/notificaciones/contador
2025-11-23T03:23:39.898-05:00 DEBUG 29276 --- [io-8080-exec-10] o.s.security.web.FilterChainProxy        : Secured GET /api/notificaciones/contador
2025-11-23T03:23:39.899-05:00 DEBUG 29276 --- [io-8080-exec-10] o.s.d.m.r.query.MongoQueryCreator        : Created query Query: { "usuario.id" : "6922638ca32471207e9ec6a6", "leida" : false}, Fields: {}, Sort: {}
2025-11-23T03:23:39.900-05:00 DEBUG 29276 --- [io-8080-exec-10] o.s.data.mongodb.core.MongoTemplate      : Executing count: { "usuario" : { "$oid" : "6922638ca32471207e9ec6a6"}, "leida" : false} in collection: notificaciones
2025-11-23T03:24:09.905-05:00 DEBUG 29276 --- [nio-8080-exec-1] o.s.security.web.FilterChainProxy        : Securing GET /api/notificaciones/contador
2025-11-23T03:24:09.912-05:00 DEBUG 29276 --- [nio-8080-exec-1] o.s.security.web.FilterChainProxy        : Secured GET /api/notificaciones/contador
2025-11-23T03:24:09.914-05:00 DEBUG 29276 --- [nio-8080-exec-1] o.s.d.m.r.query.MongoQueryCreator        : Created query Query: { "usuario.id" : "6922638ca32471207e9ec6a6", "leida" : false}, Fields: {}, Sort: {}
2025-11-23T03:24:09.915-05:00 DEBUG 29276 --- [nio-8080-exec-1] o.s.data.mongodb.core.MongoTemplate      : Executing count: { "usuario" : { "$oid" : "6922638ca32471207e9ec6a6"}, "leida" : false} in collection: notificaciones
2025-11-23T03:25:42.256-05:00 DEBUG 29276 --- [nio-8080-exec-2] o.s.security.web.FilterChainProxy        : Securing GET /api/notificaciones/contador
2025-11-23T03:25:42.281-05:00 DEBUG 29276 --- [nio-8080-exec-2] o.s.security.web.FilterChainProxy        : Secured GET /api/notificaciones/contador
2025-11-23T03:25:42.299-05:00 DEBUG 29276 --- [nio-8080-exec-2] o.s.d.m.r.query.MongoQueryCreator        : Created query Query: { "usuario.id" : "6922638ca32471207e9ec6a6", "leida" : false}, Fields: {}, Sort: {}
2025-11-23T03:25:42.308-05:00 DEBUG 29276 --- [nio-8080-exec-2] o.s.data.mongodb.core.MongoTemplate      : Executing count: { "usuario" : { "$oid" : "6922638ca32471207e9ec6a6"}, "leida" : false} in collection: notificaciones
2025-11-23T03:25:47.131-05:00 DEBUG 29276 --- [nio-8080-exec-3] o.s.security.web.FilterChainProxy        : Securing GET /api/ofertas/public?page=0&size=6
2025-11-23T03:25:47.140-05:00 DEBUG 29276 --- [nio-8080-exec-3] o.s.security.web.FilterChainProxy        : Secured GET /api/ofertas/public?page=0&size=6
2025-11-23T03:25:47.173-05:00 DEBUG 29276 --- [nio-8080-exec-3] o.s.d.m.r.query.MongoQueryCreator        : Created query Query: { "activa" : true, "borrador" : false}, Fields: {}, Sort: {}
2025-11-23T03:25:47.183-05:00 DEBUG 29276 --- [nio-8080-exec-3] o.s.data.mongodb.core.MongoTemplate      : find using query: { "activa" : true, "borrador" : false} fields: Document{{}} sort: { "activa" : true, "borrador" : false} for class: class com.bolsa.bolsa_trabajo.model.OfertaDeTrabajo in collection: ofertas_trabajo
2025-11-23T03:25:47.800-05:00 DEBUG 29276 --- [nio-8080-exec-6] o.s.security.web.FilterChainProxy        : Securing GET /api/ofertas/public?page=0&size=6
2025-11-23T03:25:47.809-05:00 DEBUG 29276 --- [nio-8080-exec-6] o.s.security.web.FilterChainProxy        : Secured GET /api/ofertas/public?page=0&size=6
2025-11-23T03:25:47.811-05:00 DEBUG 29276 --- [nio-8080-exec-6] o.s.d.m.r.query.MongoQueryCreator        : Created query Query: { "activa" : true, "borrador" : false}, Fields: {}, Sort: {}
2025-11-23T03:25:47.814-05:00 DEBUG 29276 --- [nio-8080-exec-6] o.s.data.mongodb.core.MongoTemplate      : find using query: { "activa" : true, "borrador" : false} fields: Document{{}} sort: { "activa" : true, "borrador" : false} for class: class com.bolsa.bolsa_trabajo.model.OfertaDeTrabajo in collection: ofertas_trabajo
2025-11-23T03:25:52.497-05:00 DEBUG 29276 --- [nio-8080-exec-4] o.s.security.web.FilterChainProxy        : Securing GET /api/ofertas/public?page=0&size=6
2025-11-23T03:25:52.505-05:00 DEBUG 29276 --- [nio-8080-exec-4] o.s.security.web.FilterChainProxy        : Secured GET /api/ofertas/public?page=0&size=6
2025-11-23T03:25:52.511-05:00 DEBUG 29276 --- [nio-8080-exec-4] o.s.d.m.r.query.MongoQueryCreator        : Created query Query: { "activa" : true, "borrador" : false}, Fields: {}, Sort: {}
2025-11-23T03:25:52.512-05:00 DEBUG 29276 --- [nio-8080-exec-4] o.s.data.mongodb.core.MongoTemplate      : find using query: { "activa" : true, "borrador" : false} fields: Document{{}} sort: { "activa" : true, "borrador" : false} for class: class com.bolsa.bolsa_trabajo.model.OfertaDeTrabajo in collection: ofertas_trabajo
2025-11-23T03:25:53.052-05:00 DEBUG 29276 --- [nio-8080-exec-7] o.s.security.web.FilterChainProxy        : Securing GET /api/ofertas/public?page=0&size=6
2025-11-23T03:25:53.059-05:00 DEBUG 29276 --- [nio-8080-exec-7] o.s.security.web.FilterChainProxy        : Secured GET /api/ofertas/public?page=0&size=6
2025-11-23T03:25:53.063-05:00 DEBUG 29276 --- [nio-8080-exec-7] o.s.d.m.r.query.MongoQueryCreator        : Created query Query: { "activa" : true, "borrador" : false}, Fields: {}, Sort: {}
2025-11-23T03:25:53.067-05:00 DEBUG 29276 --- [nio-8080-exec-7] o.s.data.mongodb.core.MongoTemplate      : find using query: { "activa" : true, "borrador" : false} fields: Document{{}} sort: { "activa" : true, "borrador" : false} for class: class com.bolsa.bolsa_trabajo.model.OfertaDeTrabajo in collection: ofertas_trabajo
2025-11-23T03:26:00.665-05:00 DEBUG 29276 --- [nio-8080-exec-8] o.s.security.web.FilterChainProxy        : Securing GET /api/ofertas/public?page=0&size=12
2025-11-23T03:26:00.668-05:00 DEBUG 29276 --- [nio-8080-exec-5] o.s.security.web.FilterChainProxy        : Securing GET /api/notificaciones/contador
2025-11-23T03:26:00.669-05:00 DEBUG 29276 --- [nio-8080-exec-8] o.s.security.web.FilterChainProxy        : Secured GET /api/ofertas/public?page=0&size=12
2025-11-23T03:26:00.669-05:00 DEBUG 29276 --- [nio-8080-exec-9] o.s.security.web.FilterChainProxy        : Securing GET /api/usuarios/perfil
2025-11-23T03:26:00.690-05:00 DEBUG 29276 --- [nio-8080-exec-5] o.s.security.web.FilterChainProxy        : Secured GET /api/notificaciones/contador
2025-11-23T03:26:00.694-05:00 DEBUG 29276 --- [nio-8080-exec-5] o.s.d.m.r.query.MongoQueryCreator        : Created query Query: { "usuario.id" : "6922638ca32471207e9ec6a6", "leida" : false}, Fields: {}, Sort: {}
2025-11-23T03:26:00.699-05:00 DEBUG 29276 --- [nio-8080-exec-5] o.s.data.mongodb.core.MongoTemplate      : Executing count: { "usuario" : { "$oid" : "6922638ca32471207e9ec6a6"}, "leida" : false} in collection: notificaciones
2025-11-23T03:26:00.690-05:00 DEBUG 29276 --- [nio-8080-exec-8] o.s.d.m.r.query.MongoQueryCreator        : Created query Query: { "activa" : true, "borrador" : false}, Fields: {}, Sort: {}
2025-11-23T03:26:00.703-05:00 DEBUG 29276 --- [nio-8080-exec-9] o.s.security.web.FilterChainProxy        : Secured GET /api/usuarios/perfil
2025-11-23T03:26:00.706-05:00 DEBUG 29276 --- [nio-8080-exec-8] o.s.data.mongodb.core.MongoTemplate      : find using query: { "activa" : true, "borrador" : false} fields: Document{{}} sort: { "activa" : true, "borrador" : false} for class: class com.bolsa.bolsa_trabajo.model.OfertaDeTrabajo in collection: ofertas_trabajo
2025-11-23T03:26:00.718-05:00 DEBUG 29276 --- [nio-8080-exec-9] o.s.data.mongodb.core.MongoTemplate      : findOne using query: { "id" : "6922638ca32471207e9ec6a6"} fields: Document{{}} for class: class com.bolsa.bolsa_trabajo.model.Usuario in collection: usuarios
2025-11-23T03:26:00.845-05:00 DEBUG 29276 --- [io-8080-exec-10] o.s.security.web.FilterChainProxy        : Securing GET /api/notificaciones/contador
2025-11-23T03:26:00.852-05:00 DEBUG 29276 --- [io-8080-exec-10] o.s.security.web.FilterChainProxy        : Secured GET /api/notificaciones/contador
2025-11-23T03:26:00.854-05:00 DEBUG 29276 --- [io-8080-exec-10] o.s.d.m.r.query.MongoQueryCreator        : Created query Query: { "usuario.id" : "6922638ca32471207e9ec6a6", "leida" : false}, Fields: {}, Sort: {}
2025-11-23T03:26:00.856-05:00 DEBUG 29276 --- [io-8080-exec-10] o.s.data.mongodb.core.MongoTemplate      : Executing count: { "usuario" : { "$oid" : "6922638ca32471207e9ec6a6"}, "leida" : false} in collection: notificaciones
2025-11-23T03:26:00.884-05:00 DEBUG 29276 --- [nio-8080-exec-9] o.s.data.mongodb.core.MongoTemplate      : findOne using query: { "id" : "6922638ca32471207e9ec6a6"} fields: Document{{}} for class: class com.bolsa.bolsa_trabajo.model.Postulante in collection: postulantes
2025-11-23T03:26:01.020-05:00 DEBUG 29276 --- [nio-8080-exec-1] o.s.security.web.FilterChainProxy        : Securing GET /api/usuarios/perfil
2025-11-23T03:26:01.040-05:00 DEBUG 29276 --- [nio-8080-exec-1] o.s.security.web.FilterChainProxy        : Secured GET /api/usuarios/perfil
2025-11-23T03:26:01.043-05:00 DEBUG 29276 --- [nio-8080-exec-1] o.s.data.mongodb.core.MongoTemplate      : findOne using query: { "id" : "6922638ca32471207e9ec6a6"} fields: Document{{}} for class: class com.bolsa.bolsa_trabajo.model.Usuario in collection: usuarios
2025-11-23T03:26:01.168-05:00 DEBUG 29276 --- [nio-8080-exec-1] o.s.data.mongodb.core.MongoTemplate      : findOne using query: { "id" : "6922638ca32471207e9ec6a6"} fields: Document{{}} for class: class com.bolsa.bolsa_trabajo.model.Postulante in collection: postulantes
2025-11-23T03:26:01.248-05:00 DEBUG 29276 --- [nio-8080-exec-2] o.s.security.web.FilterChainProxy        : Securing GET /api/ofertas/public?page=0&size=12
2025-11-23T03:26:01.253-05:00 DEBUG 29276 --- [nio-8080-exec-2] o.s.security.web.FilterChainProxy        : Secured GET /api/ofertas/public?page=0&size=12
2025-11-23T03:26:01.254-05:00 DEBUG 29276 --- [nio-8080-exec-2] o.s.d.m.r.query.MongoQueryCreator        : Created query Query: { "activa" : true, "borrador" : false}, Fields: {}, Sort: {}
2025-11-23T03:26:01.256-05:00 DEBUG 29276 --- [nio-8080-exec-2] o.s.data.mongodb.core.MongoTemplate      : find using query: { "activa" : true, "borrador" : false} fields: Document{{}} sort: { "activa" : true, "borrador" : false} for class: class com.bolsa.bolsa_trabajo.model.OfertaDeTrabajo in collection: ofertas_trabajo
2025-11-23T03:26:04.851-05:00 DEBUG 29276 --- [nio-8080-exec-6] o.s.security.web.FilterChainProxy        : Securing GET /api/notificaciones/contador
2025-11-23T03:26:04.854-05:00 DEBUG 29276 --- [nio-8080-exec-4] o.s.security.web.FilterChainProxy        : Securing GET /api/usuarios/perfil
2025-11-23T03:26:05.066-05:00 DEBUG 29276 --- [nio-8080-exec-4] o.s.security.web.FilterChainProxy        : Secured GET /api/usuarios/perfil
2025-11-23T03:26:05.160-05:00 DEBUG 29276 --- [nio-8080-exec-6] o.s.security.web.FilterChainProxy        : Secured GET /api/notificaciones/contador
2025-11-23T03:26:05.181-05:00 DEBUG 29276 --- [nio-8080-exec-6] o.s.d.m.r.query.MongoQueryCreator        : Created query Query: { "usuario.id" : "6922638ca32471207e9ec6a6", "leida" : false}, Fields: {}, Sort: {}
2025-11-23T03:26:05.185-05:00 DEBUG 29276 --- [nio-8080-exec-6] o.s.data.mongodb.core.MongoTemplate      : Executing count: { "usuario" : { "$oid" : "6922638ca32471207e9ec6a6"}, "leida" : false} in collection: notificaciones
2025-11-23T03:26:05.188-05:00 DEBUG 29276 --- [nio-8080-exec-4] o.s.data.mongodb.core.MongoTemplate      : findOne using query: { "id" : "6922638ca32471207e9ec6a6"} fields: Document{{}} for class: class com.bolsa.bolsa_trabajo.model.Usuario in collection: usuarios
2025-11-23T03:26:05.215-05:00 DEBUG 29276 --- [nio-8080-exec-3] o.s.security.web.FilterChainProxy        : Securing GET /api/ofertas/public/69226137a32471207e9ec6a5
2025-11-23T03:26:05.218-05:00 DEBUG 29276 --- [nio-8080-exec-3] o.s.security.web.FilterChainProxy        : Secured GET /api/ofertas/public/69226137a32471207e9ec6a5
2025-11-23T03:26:05.311-05:00 DEBUG 29276 --- [nio-8080-exec-4] o.s.data.mongodb.core.MongoTemplate      : findOne using query: { "id" : "6922638ca32471207e9ec6a6"} fields: Document{{}} for class: class com.bolsa.bolsa_trabajo.model.Postulante in collection: postulantes
2025-11-23T03:26:05.329-05:00 DEBUG 29276 --- [nio-8080-exec-7] o.s.security.web.FilterChainProxy        : Securing GET /api/notificaciones/contador
2025-11-23T03:26:05.334-05:00 DEBUG 29276 --- [nio-8080-exec-7] o.s.security.web.FilterChainProxy        : Secured GET /api/notificaciones/contador
2025-11-23T03:26:05.335-05:00 DEBUG 29276 --- [nio-8080-exec-7] o.s.d.m.r.query.MongoQueryCreator        : Created query Query: { "usuario.id" : "6922638ca32471207e9ec6a6", "leida" : false}, Fields: {}, Sort: {}
2025-11-23T03:26:05.336-05:00 DEBUG 29276 --- [nio-8080-exec-7] o.s.data.mongodb.core.MongoTemplate      : Executing count: { "usuario" : { "$oid" : "6922638ca32471207e9ec6a6"}, "leida" : false} in collection: notificaciones
2025-11-23T03:26:05.406-05:00 DEBUG 29276 --- [nio-8080-exec-3] o.s.data.mongodb.core.MongoTemplate      : findOne using query: { "id" : "69226137a32471207e9ec6a5"} fields: Document{{}} for class: class com.bolsa.bolsa_trabajo.model.OfertaDeTrabajo in collection: ofertas_trabajo
2025-11-23T03:26:05.451-05:00 DEBUG 29276 --- [nio-8080-exec-5] o.s.security.web.FilterChainProxy        : Securing GET /api/usuarios/perfil
2025-11-23T03:26:05.455-05:00 DEBUG 29276 --- [nio-8080-exec-5] o.s.security.web.FilterChainProxy        : Secured GET /api/usuarios/perfil
2025-11-23T03:26:05.456-05:00 DEBUG 29276 --- [nio-8080-exec-5] o.s.data.mongodb.core.MongoTemplate      : findOne using query: { "id" : "6922638ca32471207e9ec6a6"} fields: Document{{}} for class: class com.bolsa.bolsa_trabajo.model.Usuario in collection: usuarios
2025-11-23T03:26:05.595-05:00 DEBUG 29276 --- [nio-8080-exec-5] o.s.data.mongodb.core.MongoTemplate      : findOne using query: { "id" : "6922638ca32471207e9ec6a6"} fields: Document{{}} for class: class com.bolsa.bolsa_trabajo.model.Postulante in collection: postulantes
2025-11-23T03:26:05.655-05:00 DEBUG 29276 --- [io-8080-exec-10] o.s.security.web.FilterChainProxy        : Securing GET /api/ofertas/public/69226137a32471207e9ec6a5
2025-11-23T03:26:05.658-05:00 DEBUG 29276 --- [io-8080-exec-10] o.s.security.web.FilterChainProxy        : Secured GET /api/ofertas/public/69226137a32471207e9ec6a5
2025-11-23T03:26:05.660-05:00 DEBUG 29276 --- [io-8080-exec-10] o.s.data.mongodb.core.MongoTemplate      : findOne using query: { "id" : "69226137a32471207e9ec6a5"} fields: Document{{}} for class: class com.bolsa.bolsa_trabajo.model.OfertaDeTrabajo in collection: ofertas_trabajo
2025-11-23T03:26:05.661-05:00 DEBUG 29276 --- [nio-8080-exec-9] o.s.security.web.FilterChainProxy        : Securing GET /api/postulaciones/mis-postulaciones
2025-11-23T03:26:05.665-05:00 DEBUG 29276 --- [nio-8080-exec-9] o.s.security.web.FilterChainProxy        : Secured GET /api/postulaciones/mis-postulaciones
2025-11-23T03:26:05.670-05:00 DEBUG 29276 --- [nio-8080-exec-9] o.s.d.m.r.query.MongoQueryCreator        : Created query Query: { "postulante.id" : "6922638ca32471207e9ec6a6"}, Fields: {}, Sort: {}
2025-11-23T03:26:05.674-05:00 DEBUG 29276 --- [nio-8080-exec-9] o.s.data.mongodb.core.MongoTemplate      : find using query: { "postulante" : { "$oid" : "6922638ca32471207e9ec6a6"}} fields: Document{{}} sort: { "postulante" : "6922638ca32471207e9ec6a6"} for class: class com.bolsa.bolsa_trabajo.model.Postulacion in collection: postulaciones
2025-11-23T03:26:06.062-05:00 DEBUG 29276 --- [nio-8080-exec-8] o.s.security.web.FilterChainProxy        : Securing GET /api/postulaciones/mis-postulaciones
2025-11-23T03:26:06.065-05:00 DEBUG 29276 --- [nio-8080-exec-8] o.s.security.web.FilterChainProxy        : Secured GET /api/postulaciones/mis-postulaciones
2025-11-23T03:26:06.066-05:00 DEBUG 29276 --- [nio-8080-exec-8] o.s.d.m.r.query.MongoQueryCreator        : Created query Query: { "postulante.id" : "6922638ca32471207e9ec6a6"}, Fields: {}, Sort: {}
2025-11-23T03:26:06.067-05:00 DEBUG 29276 --- [nio-8080-exec-8] o.s.data.mongodb.core.MongoTemplate      : find using query: { "postulante" : { "$oid" : "6922638ca32471207e9ec6a6"}} fields: Document{{}} sort: { "postulante" : "6922638ca32471207e9ec6a6"} for class: class com.bolsa.bolsa_trabajo.model.Postulacion in collection: postulaciones
2025-11-23T03:26:17.350-05:00 DEBUG 29276 --- [nio-8080-exec-1] o.s.security.web.FilterChainProxy        : Securing POST /api/auth/login
2025-11-23T03:26:17.369-05:00 DEBUG 29276 --- [nio-8080-exec-1] o.s.s.w.a.AnonymousAuthenticationFilter  : Set SecurityContextHolder to anonymous SecurityContext
2025-11-23T03:26:17.371-05:00 DEBUG 29276 --- [nio-8080-exec-1] o.s.s.w.session.SessionManagementFilter  : Request requested invalid session id B9CC60CA89807F1D428B2557EB8A7423
2025-11-23T03:26:17.371-05:00 DEBUG 29276 --- [nio-8080-exec-1] o.s.security.web.FilterChainProxy        : Secured POST /api/auth/login
2025-11-23T03:26:17.444-05:00 DEBUG 29276 --- [nio-8080-exec-1] o.s.d.m.r.query.MongoQueryCreator        : Created query Query: { "email" : "admin123@gmail.com"}, Fields: {}, Sort: {}
2025-11-23T03:26:17.447-05:00 DEBUG 29276 --- [nio-8080-exec-1] o.s.data.mongodb.core.MongoTemplate      : find using query: { "email" : "admin123@gmail.com"} fields: Document{{}} sort: { "email" : "admin123@gmail.com"} for class: class com.bolsa.bolsa_trabajo.model.Postulante in collection: postulantes
2025-11-23T03:26:17.579-05:00 DEBUG 29276 --- [nio-8080-exec-1] o.s.d.m.r.query.MongoQueryCreator        : Created query Query: { "email" : "admin123@gmail.com"}, Fields: {}, Sort: {}
2025-11-23T03:26:17.586-05:00 DEBUG 29276 --- [nio-8080-exec-1] o.s.data.mongodb.core.MongoTemplate      : find using query: { "email" : "admin123@gmail.com"} fields: Document{{}} sort: { "email" : "admin123@gmail.com"} for class: class com.bolsa.bolsa_trabajo.model.Empresa in collection: empresas
2025-11-23T03:26:17.714-05:00 DEBUG 29276 --- [nio-8080-exec-1] o.s.d.m.r.query.MongoQueryCreator        : Created query Query: { "email" : "admin123@gmail.com"}, Fields: {}, Sort: {}
2025-11-23T03:26:17.717-05:00 DEBUG 29276 --- [nio-8080-exec-1] o.s.data.mongodb.core.MongoTemplate      : find using query: { "email" : "admin123@gmail.com"} fields: Document{{}} sort: { "email" : "admin123@gmail.com"} for class: class com.bolsa.bolsa_trabajo.model.Administrador in collection: administradores
2025-11-23T03:26:18.134-05:00 DEBUG 29276 --- [nio-8080-exec-2] o.s.security.web.FilterChainProxy        : Securing GET /api/notificaciones/contador
2025-11-23T03:26:18.136-05:00 DEBUG 29276 --- [nio-8080-exec-2] o.s.security.web.FilterChainProxy        : Secured GET /api/notificaciones/contador
2025-11-23T03:26:18.138-05:00 DEBUG 29276 --- [nio-8080-exec-2] o.s.d.m.r.query.MongoQueryCreator        : Created query Query: { "usuario.id" : "692296bd94d18e7449a15acf", "leida" : false}, Fields: {}, Sort: {}
2025-11-23T03:26:18.138-05:00 DEBUG 29276 --- [nio-8080-exec-6] o.s.security.web.FilterChainProxy        : Securing GET /api/usuarios/perfil
2025-11-23T03:26:18.139-05:00 DEBUG 29276 --- [nio-8080-exec-2] o.s.data.mongodb.core.MongoTemplate      : Executing count: { "usuario" : { "$oid" : "692296bd94d18e7449a15acf"}, "leida" : false} in collection: notificaciones
2025-11-23T03:26:18.141-05:00 DEBUG 29276 --- [nio-8080-exec-6] o.s.security.web.FilterChainProxy        : Secured GET /api/usuarios/perfil
2025-11-23T03:26:18.144-05:00 DEBUG 29276 --- [nio-8080-exec-6] o.s.data.mongodb.core.MongoTemplate      : findOne using query: { "id" : "692296bd94d18e7449a15acf"} fields: Document{{}} for class: class com.bolsa.bolsa_trabajo.model.Usuario in collection: usuarios
2025-11-23T03:26:18.252-05:00 DEBUG 29276 --- [nio-8080-exec-6] o.s.data.mongodb.core.MongoTemplate      : findOne using query: { "id" : "692296bd94d18e7449a15acf"} fields: Document{{}} for class: class com.bolsa.bolsa_trabajo.model.Postulante in collection: postulantes
2025-11-23T03:26:18.259-05:00 DEBUG 29276 --- [nio-8080-exec-4] o.s.security.web.FilterChainProxy        : Securing GET /api/notificaciones/contador
2025-11-23T03:26:18.263-05:00 DEBUG 29276 --- [nio-8080-exec-4] o.s.security.web.FilterChainProxy        : Secured GET /api/notificaciones/contador
2025-11-23T03:26:18.266-05:00 DEBUG 29276 --- [nio-8080-exec-4] o.s.d.m.r.query.MongoQueryCreator        : Created query Query: { "usuario.id" : "692296bd94d18e7449a15acf", "leida" : false}, Fields: {}, Sort: {}
2025-11-23T03:26:18.267-05:00 DEBUG 29276 --- [nio-8080-exec-4] o.s.data.mongodb.core.MongoTemplate      : Executing count: { "usuario" : { "$oid" : "692296bd94d18e7449a15acf"}, "leida" : false} in collection: notificaciones
2025-11-23T03:26:18.397-05:00 DEBUG 29276 --- [nio-8080-exec-6] o.s.data.mongodb.core.MongoTemplate      : findOne using query: { "id" : "692296bd94d18e7449a15acf"} fields: Document{{}} for class: class com.bolsa.bolsa_trabajo.model.Empresa in collection: empresas
2025-11-23T03:26:18.509-05:00 DEBUG 29276 --- [nio-8080-exec-6] o.s.data.mongodb.core.MongoTemplate      : findOne using query: { "id" : "692296bd94d18e7449a15acf"} fields: Document{{}} for class: class com.bolsa.bolsa_trabajo.model.Administrador in collection: administradores
2025-11-23T03:26:18.649-05:00 DEBUG 29276 --- [nio-8080-exec-7] o.s.security.web.FilterChainProxy        : Securing GET /api/usuarios/perfil
2025-11-23T03:26:18.650-05:00 DEBUG 29276 --- [nio-8080-exec-7] o.s.security.web.FilterChainProxy        : Secured GET /api/usuarios/perfil
2025-11-23T03:26:18.652-05:00 DEBUG 29276 --- [nio-8080-exec-7] o.s.data.mongodb.core.MongoTemplate      : findOne using query: { "id" : "692296bd94d18e7449a15acf"} fields: Document{{}} for class: class com.bolsa.bolsa_trabajo.model.Usuario in collection: usuarios
2025-11-23T03:26:18.801-05:00 DEBUG 29276 --- [nio-8080-exec-7] o.s.data.mongodb.core.MongoTemplate      : findOne using query: { "id" : "692296bd94d18e7449a15acf"} fields: Document{{}} for class: class com.bolsa.bolsa_trabajo.model.Postulante in collection: postulantes
2025-11-23T03:26:18.911-05:00 DEBUG 29276 --- [nio-8080-exec-7] o.s.data.mongodb.core.MongoTemplate      : findOne using query: { "id" : "692296bd94d18e7449a15acf"} fields: Document{{}} for class: class com.bolsa.bolsa_trabajo.model.Empresa in collection: empresas
2025-11-23T03:26:19.026-05:00 DEBUG 29276 --- [nio-8080-exec-7] o.s.data.mongodb.core.MongoTemplate      : findOne using query: { "id" : "692296bd94d18e7449a15acf"} fields: Document{{}} for class: class com.bolsa.bolsa_trabajo.model.Administrador in collection: administradores
2025-11-23T03:26:30.923-05:00 DEBUG 29276 --- [nio-8080-exec-3] o.s.security.web.FilterChainProxy        : Securing GET /api/notificaciones/contador
2025-11-23T03:26:30.935-05:00 DEBUG 29276 --- [nio-8080-exec-3] o.s.security.web.FilterChainProxy        : Secured GET /api/notificaciones/contador
2025-11-23T03:26:30.943-05:00 DEBUG 29276 --- [nio-8080-exec-3] o.s.d.m.r.query.MongoQueryCreator        : Created query Query: { "usuario.id" : "692296bd94d18e7449a15acf", "leida" : false}, Fields: {}, Sort: {}
2025-11-23T03:26:30.945-05:00 DEBUG 29276 --- [nio-8080-exec-3] o.s.data.mongodb.core.MongoTemplate      : Executing count: { "usuario" : { "$oid" : "692296bd94d18e7449a15acf"}, "leida" : false} in collection: notificaciones
2025-11-23T03:26:31.134-05:00 DEBUG 29276 --- [nio-8080-exec-5] o.s.security.web.FilterChainProxy        : Securing GET /api/ofertas/public?page=0&size=6
2025-11-23T03:26:31.142-05:00 DEBUG 29276 --- [nio-8080-exec-5] o.s.security.web.FilterChainProxy        : Secured GET /api/ofertas/public?page=0&size=6
2025-11-23T03:26:31.148-05:00 DEBUG 29276 --- [nio-8080-exec-5] o.s.d.m.r.query.MongoQueryCreator        : Created query Query: { "activa" : true, "borrador" : false}, Fields: {}, Sort: {}
2025-11-23T03:26:31.151-05:00 DEBUG 29276 --- [nio-8080-exec-5] o.s.data.mongodb.core.MongoTemplate      : find using query: { "activa" : true, "borrador" : false} fields: Document{{}} sort: { "activa" : true, "borrador" : false} for class: class com.bolsa.bolsa_trabajo.model.OfertaDeTrabajo in collection: ofertas_trabajo
2025-11-23T03:26:31.667-05:00 DEBUG 29276 --- [io-8080-exec-10] o.s.security.web.FilterChainProxy        : Securing GET /api/ofertas/public?page=0&size=6
2025-11-23T03:26:31.671-05:00 DEBUG 29276 --- [io-8080-exec-10] o.s.security.web.FilterChainProxy        : Secured GET /api/ofertas/public?page=0&size=6
2025-11-23T03:26:31.679-05:00 DEBUG 29276 --- [io-8080-exec-10] o.s.d.m.r.query.MongoQueryCreator        : Created query Query: { "activa" : true, "borrador" : false}, Fields: {}, Sort: {}
2025-11-23T03:26:31.681-05:00 DEBUG 29276 --- [io-8080-exec-10] o.s.data.mongodb.core.MongoTemplate      : find using query: { "activa" : true, "borrador" : false} fields: Document{{}} sort: { "activa" : true, "borrador" : false} for class: class com.bolsa.bolsa_trabajo.model.OfertaDeTrabajo in collection: ofertas_trabajo
2025-11-23T03:26:32.662-05:00 DEBUG 29276 --- [nio-8080-exec-9] o.s.security.web.FilterChainProxy        : Securing GET /api/ofertas/public/69226137a32471207e9ec6a5
2025-11-23T03:26:32.670-05:00 DEBUG 29276 --- [nio-8080-exec-8] o.s.security.web.FilterChainProxy        : Securing GET /api/notificaciones/contador
2025-11-23T03:26:32.674-05:00 DEBUG 29276 --- [nio-8080-exec-1] o.s.security.web.FilterChainProxy        : Securing GET /api/usuarios/perfil
2025-11-23T03:26:32.682-05:00 DEBUG 29276 --- [nio-8080-exec-1] o.s.security.web.FilterChainProxy        : Secured GET /api/usuarios/perfil
2025-11-23T03:26:32.684-05:00 DEBUG 29276 --- [nio-8080-exec-9] o.s.security.web.FilterChainProxy        : Secured GET /api/ofertas/public/69226137a32471207e9ec6a5
2025-11-23T03:26:32.684-05:00 DEBUG 29276 --- [nio-8080-exec-1] o.s.data.mongodb.core.MongoTemplate      : findOne using query: { "id" : "692296bd94d18e7449a15acf"} fields: Document{{}} for class: class com.bolsa.bolsa_trabajo.model.Usuario in collection: usuarios
2025-11-23T03:26:32.684-05:00 DEBUG 29276 --- [nio-8080-exec-8] o.s.security.web.FilterChainProxy        : Secured GET /api/notificaciones/contador
2025-11-23T03:26:32.686-05:00 DEBUG 29276 --- [nio-8080-exec-8] o.s.d.m.r.query.MongoQueryCreator        : Created query Query: { "usuario.id" : "692296bd94d18e7449a15acf", "leida" : false}, Fields: {}, Sort: {}
2025-11-23T03:26:32.686-05:00 DEBUG 29276 --- [nio-8080-exec-9] o.s.data.mongodb.core.MongoTemplate      : findOne using query: { "id" : "69226137a32471207e9ec6a5"} fields: Document{{}} for class: class com.bolsa.bolsa_trabajo.model.OfertaDeTrabajo in collection: ofertas_trabajo
2025-11-23T03:26:32.689-05:00 DEBUG 29276 --- [nio-8080-exec-8] o.s.data.mongodb.core.MongoTemplate      : Executing count: { "usuario" : { "$oid" : "692296bd94d18e7449a15acf"}, "leida" : false} in collection: notificaciones
2025-11-23T03:26:32.821-05:00 DEBUG 29276 --- [nio-8080-exec-1] o.s.data.mongodb.core.MongoTemplate      : findOne using query: { "id" : "692296bd94d18e7449a15acf"} fields: Document{{}} for class: class com.bolsa.bolsa_trabajo.model.Postulante in collection: postulantes
2025-11-23T03:26:32.867-05:00 DEBUG 29276 --- [nio-8080-exec-2] o.s.security.web.FilterChainProxy        : Securing GET /api/notificaciones/contador
2025-11-23T03:26:32.874-05:00 DEBUG 29276 --- [nio-8080-exec-2] o.s.security.web.FilterChainProxy        : Secured GET /api/notificaciones/contador
2025-11-23T03:26:32.883-05:00 DEBUG 29276 --- [nio-8080-exec-2] o.s.d.m.r.query.MongoQueryCreator        : Created query Query: { "usuario.id" : "692296bd94d18e7449a15acf", "leida" : false}, Fields: {}, Sort: {}
2025-11-23T03:26:32.884-05:00 DEBUG 29276 --- [nio-8080-exec-2] o.s.data.mongodb.core.MongoTemplate      : Executing count: { "usuario" : { "$oid" : "692296bd94d18e7449a15acf"}, "leida" : false} in collection: notificaciones
2025-11-23T03:26:32.995-05:00 DEBUG 29276 --- [nio-8080-exec-1] o.s.data.mongodb.core.MongoTemplate      : findOne using query: { "id" : "692296bd94d18e7449a15acf"} fields: Document{{}} for class: class com.bolsa.bolsa_trabajo.model.Empresa in collection: empresas
2025-11-23T03:26:33.023-05:00 DEBUG 29276 --- [nio-8080-exec-4] o.s.security.web.FilterChainProxy        : Securing GET /api/ofertas/public/69226137a32471207e9ec6a5
2025-11-23T03:26:33.027-05:00 DEBUG 29276 --- [nio-8080-exec-4] o.s.security.web.FilterChainProxy        : Secured GET /api/ofertas/public/69226137a32471207e9ec6a5
2025-11-23T03:26:33.029-05:00 DEBUG 29276 --- [nio-8080-exec-4] o.s.data.mongodb.core.MongoTemplate      : findOne using query: { "id" : "69226137a32471207e9ec6a5"} fields: Document{{}} for class: class com.bolsa.bolsa_trabajo.model.OfertaDeTrabajo in collection: ofertas_trabajo
2025-11-23T03:26:33.086-05:00 DEBUG 29276 --- [nio-8080-exec-1] o.s.data.mongodb.core.MongoTemplate      : findOne using query: { "id" : "692296bd94d18e7449a15acf"} fields: Document{{}} for class: class com.bolsa.bolsa_trabajo.model.Administrador in collection: administradores
2025-11-23T03:26:33.192-05:00 DEBUG 29276 --- [nio-8080-exec-6] o.s.security.web.FilterChainProxy        : Securing GET /api/usuarios/perfil
2025-11-23T03:26:33.197-05:00 DEBUG 29276 --- [nio-8080-exec-6] o.s.security.web.FilterChainProxy        : Secured GET /api/usuarios/perfil
2025-11-23T03:26:33.198-05:00 DEBUG 29276 --- [nio-8080-exec-6] o.s.data.mongodb.core.MongoTemplate      : findOne using query: { "id" : "692296bd94d18e7449a15acf"} fields: Document{{}} for class: class com.bolsa.bolsa_trabajo.model.Usuario in collection: usuarios
2025-11-23T03:26:33.292-05:00 DEBUG 29276 --- [nio-8080-exec-6] o.s.data.mongodb.core.MongoTemplate      : findOne using query: { "id" : "692296bd94d18e7449a15acf"} fields: Document{{}} for class: class com.bolsa.bolsa_trabajo.model.Postulante in collection: postulantes
2025-11-23T03:26:33.387-05:00 DEBUG 29276 --- [nio-8080-exec-6] o.s.data.mongodb.core.MongoTemplate      : findOne using query: { "id" : "692296bd94d18e7449a15acf"} fields: Document{{}} for class: class com.bolsa.bolsa_trabajo.model.Empresa in collection: empresas
2025-11-23T03:26:33.492-05:00 DEBUG 29276 --- [nio-8080-exec-6] o.s.data.mongodb.core.MongoTemplate      : findOne using query: { "id" : "692296bd94d18e7449a15acf"} fields: Document{{}} for class: class com.bolsa.bolsa_trabajo.model.Administrador in collection: administradores
2025-11-23T03:26:48.006-05:00 DEBUG 29276 --- [nio-8080-exec-7] o.s.security.web.FilterChainProxy        : Securing POST /api/auth/login
2025-11-23T03:26:48.010-05:00 DEBUG 29276 --- [nio-8080-exec-7] o.s.s.w.a.AnonymousAuthenticationFilter  : Set SecurityContextHolder to anonymous SecurityContext
2025-11-23T03:26:48.011-05:00 DEBUG 29276 --- [nio-8080-exec-7] o.s.s.w.session.SessionManagementFilter  : Request requested invalid session id B9CC60CA89807F1D428B2557EB8A7423
2025-11-23T03:26:48.012-05:00 DEBUG 29276 --- [nio-8080-exec-7] o.s.security.web.FilterChainProxy        : Secured POST /api/auth/login
2025-11-23T03:26:48.017-05:00 DEBUG 29276 --- [nio-8080-exec-7] o.s.d.m.r.query.MongoQueryCreator        : Created query Query: { "email" : "empresa123@gmail.com"}, Fields: {}, Sort: {}
2025-11-23T03:26:48.018-05:00 DEBUG 29276 --- [nio-8080-exec-7] o.s.data.mongodb.core.MongoTemplate      : find using query: { "email" : "empresa123@gmail.com"} fields: Document{{}} sort: { "email" : "empresa123@gmail.com"} for class: class com.bolsa.bolsa_trabajo.model.Postulante in collection: postulantes
2025-11-23T03:26:48.120-05:00 DEBUG 29276 --- [nio-8080-exec-7] o.s.d.m.r.query.MongoQueryCreator        : Created query Query: { "email" : "empresa123@gmail.com"}, Fields: {}, Sort: {}
2025-11-23T03:26:48.122-05:00 DEBUG 29276 --- [nio-8080-exec-7] o.s.data.mongodb.core.MongoTemplate      : find using query: { "email" : "empresa123@gmail.com"} fields: Document{{}} sort: { "email" : "empresa123@gmail.com"} for class: class com.bolsa.bolsa_trabajo.model.Empresa in collection: empresas
2025-11-23T03:26:48.648-05:00 DEBUG 29276 --- [nio-8080-exec-3] o.s.security.web.FilterChainProxy        : Securing GET /api/ofertas/mis-ofertas?page=0&size=100
2025-11-23T03:26:48.651-05:00 DEBUG 29276 --- [nio-8080-exec-5] o.s.security.web.FilterChainProxy        : Securing GET /api/notificaciones/contador
2025-11-23T03:26:48.652-05:00 DEBUG 29276 --- [io-8080-exec-10] o.s.security.web.FilterChainProxy        : Securing GET /api/usuarios/perfil
2025-11-23T03:26:48.654-05:00 DEBUG 29276 --- [nio-8080-exec-3] o.s.security.web.FilterChainProxy        : Secured GET /api/ofertas/mis-ofertas?page=0&size=100
2025-11-23T03:26:48.655-05:00 DEBUG 29276 --- [nio-8080-exec-5] o.s.security.web.FilterChainProxy        : Secured GET /api/notificaciones/contador
2025-11-23T03:26:48.657-05:00 DEBUG 29276 --- [nio-8080-exec-5] o.s.d.m.r.query.MongoQueryCreator        : Created query Query: { "usuario.id" : "6922945694d18e7449a15acd", "leida" : false}, Fields: {}, Sort: {}
2025-11-23T03:26:48.657-05:00 DEBUG 29276 --- [io-8080-exec-10] o.s.security.web.FilterChainProxy        : Secured GET /api/usuarios/perfil
2025-11-23T03:26:48.659-05:00 DEBUG 29276 --- [nio-8080-exec-5] o.s.data.mongodb.core.MongoTemplate      : Executing count: { "usuario" : { "$oid" : "6922945694d18e7449a15acd"}, "leida" : false} in collection: notificaciones
2025-11-23T03:26:48.662-05:00 DEBUG 29276 --- [io-8080-exec-10] o.s.data.mongodb.core.MongoTemplate      : findOne using query: { "id" : "6922945694d18e7449a15acd"} fields: Document{{}} for class: class com.bolsa.bolsa_trabajo.model.Usuario in collection: usuarios
2025-11-23T03:26:48.670-05:00 DEBUG 29276 --- [nio-8080-exec-3] o.s.d.m.r.query.MongoQueryCreator        : Created query Query: { "empresa.id" : "6922945694d18e7449a15acd"}, Fields: {}, Sort: {}
2025-11-23T03:26:48.673-05:00 DEBUG 29276 --- [nio-8080-exec-3] o.s.data.mongodb.core.MongoTemplate      : find using query: { "empresa" : { "$oid" : "6922945694d18e7449a15acd"}} fields: Document{{}} sort: { "empresa" : "6922945694d18e7449a15acd"} for class: class com.bolsa.bolsa_trabajo.model.OfertaDeTrabajo in collection: ofertas_trabajo
2025-11-23T03:26:48.808-05:00 DEBUG 29276 --- [nio-8080-exec-8] o.s.security.web.FilterChainProxy        : Securing GET /api/notificaciones/contador
2025-11-23T03:26:48.813-05:00 DEBUG 29276 --- [io-8080-exec-10] o.s.data.mongodb.core.MongoTemplate      : findOne using query: { "id" : "6922945694d18e7449a15acd"} fields: Document{{}} for class: class com.bolsa.bolsa_trabajo.model.Postulante in collection: postulantes
2025-11-23T03:26:48.816-05:00 DEBUG 29276 --- [nio-8080-exec-8] o.s.security.web.FilterChainProxy        : Secured GET /api/notificaciones/contador
2025-11-23T03:26:48.821-05:00 DEBUG 29276 --- [nio-8080-exec-8] o.s.d.m.r.query.MongoQueryCreator        : Created query Query: { "usuario.id" : "6922945694d18e7449a15acd", "leida" : false}, Fields: {}, Sort: {}
2025-11-23T03:26:48.823-05:00 DEBUG 29276 --- [nio-8080-exec-8] o.s.data.mongodb.core.MongoTemplate      : Executing count: { "usuario" : { "$oid" : "6922945694d18e7449a15acd"}, "leida" : false} in collection: notificaciones
2025-11-23T03:26:48.939-05:00 DEBUG 29276 --- [io-8080-exec-10] o.s.data.mongodb.core.MongoTemplate      : findOne using query: { "id" : "6922945694d18e7449a15acd"} fields: Document{{}} for class: class com.bolsa.bolsa_trabajo.model.Empresa in collection: empresas
2025-11-23T03:26:48.951-05:00 DEBUG 29276 --- [nio-8080-exec-2] o.s.security.web.FilterChainProxy        : Securing GET /api/notificaciones/contador
2025-11-23T03:26:48.955-05:00 DEBUG 29276 --- [nio-8080-exec-2] o.s.security.web.FilterChainProxy        : Secured GET /api/notificaciones/contador
2025-11-23T03:26:48.958-05:00 DEBUG 29276 --- [nio-8080-exec-2] o.s.d.m.r.query.MongoQueryCreator        : Created query Query: { "usuario.id" : "6922945694d18e7449a15acd", "leida" : false}, Fields: {}, Sort: {}
2025-11-23T03:26:48.959-05:00 DEBUG 29276 --- [nio-8080-exec-2] o.s.data.mongodb.core.MongoTemplate      : Executing count: { "usuario" : { "$oid" : "6922945694d18e7449a15acd"}, "leida" : false} in collection: notificaciones
2025-11-23T03:26:49.044-05:00 DEBUG 29276 --- [nio-8080-exec-9] o.s.security.web.FilterChainProxy        : Securing GET /api/ofertas/mis-ofertas?page=0&size=100
2025-11-23T03:26:49.048-05:00 DEBUG 29276 --- [nio-8080-exec-9] o.s.security.web.FilterChainProxy        : Secured GET /api/ofertas/mis-ofertas?page=0&size=100
2025-11-23T03:26:49.051-05:00 DEBUG 29276 --- [nio-8080-exec-9] o.s.d.m.r.query.MongoQueryCreator        : Created query Query: { "empresa.id" : "6922945694d18e7449a15acd"}, Fields: {}, Sort: {}
2025-11-23T03:26:49.053-05:00 DEBUG 29276 --- [nio-8080-exec-9] o.s.data.mongodb.core.MongoTemplate      : find using query: { "empresa" : { "$oid" : "6922945694d18e7449a15acd"}} fields: Document{{}} sort: { "empresa" : "6922945694d18e7449a15acd"} for class: class com.bolsa.bolsa_trabajo.model.OfertaDeTrabajo in collection: ofertas_trabajo
2025-11-23T03:26:49.076-05:00 DEBUG 29276 --- [nio-8080-exec-1] o.s.security.web.FilterChainProxy        : Securing GET /api/usuarios/perfil
2025-11-23T03:26:49.084-05:00 DEBUG 29276 --- [nio-8080-exec-1] o.s.security.web.FilterChainProxy        : Secured GET /api/usuarios/perfil
2025-11-23T03:26:49.089-05:00 DEBUG 29276 --- [nio-8080-exec-1] o.s.data.mongodb.core.MongoTemplate      : findOne using query: { "id" : "6922945694d18e7449a15acd"} fields: Document{{}} for class: class com.bolsa.bolsa_trabajo.model.Usuario in collection: usuarios
2025-11-23T03:26:49.109-05:00 DEBUG 29276 --- [nio-8080-exec-4] o.s.security.web.FilterChainProxy        : Securing GET /api/notificaciones/contador
2025-11-23T03:26:49.118-05:00 DEBUG 29276 --- [nio-8080-exec-4] o.s.security.web.FilterChainProxy        : Secured GET /api/notificaciones/contador
2025-11-23T03:26:49.119-05:00 DEBUG 29276 --- [nio-8080-exec-4] o.s.d.m.r.query.MongoQueryCreator        : Created query Query: { "usuario.id" : "6922945694d18e7449a15acd", "leida" : false}, Fields: {}, Sort: {}
2025-11-23T03:26:49.120-05:00 DEBUG 29276 --- [nio-8080-exec-4] o.s.data.mongodb.core.MongoTemplate      : Executing count: { "usuario" : { "$oid" : "6922945694d18e7449a15acd"}, "leida" : false} in collection: notificaciones
2025-11-23T03:26:49.193-05:00 DEBUG 29276 --- [nio-8080-exec-1] o.s.data.mongodb.core.MongoTemplate      : findOne using query: { "id" : "6922945694d18e7449a15acd"} fields: Document{{}} for class: class com.bolsa.bolsa_trabajo.model.Postulante in collection: postulantes
2025-11-23T03:26:49.466-05:00 DEBUG 29276 --- [nio-8080-exec-1] o.s.data.mongodb.core.MongoTemplate      : findOne using query: { "id" : "6922945694d18e7449a15acd"} fields: Document{{}} for class: class com.bolsa.bolsa_trabajo.model.Empresa in collection: empresas
2025-11-23T03:26:49.634-05:00 DEBUG 29276 --- [nio-8080-exec-6] o.s.security.web.FilterChainProxy        : Securing GET /api/notificaciones/contador
2025-11-23T03:26:49.703-05:00 DEBUG 29276 --- [nio-8080-exec-6] o.s.security.web.FilterChainProxy        : Secured GET /api/notificaciones/contador
2025-11-23T03:26:49.797-05:00 DEBUG 29276 --- [nio-8080-exec-6] o.s.d.m.r.query.MongoQueryCreator        : Created query Query: { "usuario.id" : "6922945694d18e7449a15acd", "leida" : false}, Fields: {}, Sort: {}
2025-11-23T03:26:49.861-05:00 DEBUG 29276 --- [nio-8080-exec-6] o.s.data.mongodb.core.MongoTemplate      : Executing count: { "usuario" : { "$oid" : "6922945694d18e7449a15acd"}, "leida" : false} in collection: notificaciones
2025-11-23T03:27:00.895-05:00 DEBUG 29276 --- [nio-8080-exec-7] o.s.security.web.FilterChainProxy        : Securing GET /api/notificaciones/contador
2025-11-23T03:27:00.899-05:00 DEBUG 29276 --- [nio-8080-exec-7] o.s.security.web.FilterChainProxy        : Secured GET /api/notificaciones/contador
2025-11-23T03:27:00.899-05:00 DEBUG 29276 --- [nio-8080-exec-7] o.s.d.m.r.query.MongoQueryCreator        : Created query Query: { "usuario.id" : "6922945694d18e7449a15acd", "leida" : false}, Fields: {}, Sort: {}
2025-11-23T03:27:00.900-05:00 DEBUG 29276 --- [nio-8080-exec-7] o.s.data.mongodb.core.MongoTemplate      : Executing count: { "usuario" : { "$oid" : "6922945694d18e7449a15acd"}, "leida" : false} in collection: notificaciones
2025-11-23T03:27:18.896-05:00 DEBUG 29276 --- [nio-8080-exec-5] o.s.security.web.FilterChainProxy        : Securing GET /api/notificaciones/contador
2025-11-23T03:27:18.901-05:00 DEBUG 29276 --- [nio-8080-exec-5] o.s.security.web.FilterChainProxy        : Secured GET /api/notificaciones/contador
2025-11-23T03:27:18.903-05:00 DEBUG 29276 --- [nio-8080-exec-5] o.s.d.m.r.query.MongoQueryCreator        : Created query Query: { "usuario.id" : "6922945694d18e7449a15acd", "leida" : false}, Fields: {}, Sort: {}
2025-11-23T03:27:18.904-05:00 DEBUG 29276 --- [nio-8080-exec-5] o.s.data.mongodb.core.MongoTemplate      : Executing count: { "usuario" : { "$oid" : "6922945694d18e7449a15acd"}, "leida" : false} in collection: notificaciones
2025-11-23T03:27:19.033-05:00 DEBUG 29276 --- [nio-8080-exec-8] o.s.security.web.FilterChainProxy        : Securing GET /api/notificaciones/contador
2025-11-23T03:27:19.036-05:00 DEBUG 29276 --- [nio-8080-exec-8] o.s.security.web.FilterChainProxy        : Secured GET /api/notificaciones/contador
2025-11-23T03:27:19.038-05:00 DEBUG 29276 --- [nio-8080-exec-8] o.s.d.m.r.query.MongoQueryCreator        : Created query Query: { "usuario.id" : "6922945694d18e7449a15acd", "leida" : false}, Fields: {}, Sort: {}
2025-11-23T03:27:19.039-05:00 DEBUG 29276 --- [nio-8080-exec-8] o.s.data.mongodb.core.MongoTemplate      : Executing count: { "usuario" : { "$oid" : "6922945694d18e7449a15acd"}, "leida" : false} in collection: notificaciones
